<?xml version="1.0" encoding="UTF-8"?>
<testsuite name="com.example.Project_week6.service.StudentServiceTest" tests="8" skipped="0" failures="2" errors="0" timestamp="2025-03-17T18:53:30" hostname="MacBook-Pro-Skomorohov.local" time="0.228">
  <properties/>
  <testcase name="testCreateStudent()" classname="com.example.Project_week6.service.StudentServiceTest" time="0.206"/>
  <testcase name="testSolvingTask()" classname="com.example.Project_week6.service.StudentServiceTest" time="0.012">
    <failure message="org.mockito.exceptions.misusing.WrongTypeOfReturnValue: &#10;ProblemDto cannot be returned by getData()&#10;getData() should return Map&#10;***&#10;If you're unsure why you're getting above error read on.&#10;Due to the nature of the syntax above problem might occur because:&#10;1. This exception *might* occur in wrongly written multi-threaded tests.&#10;   Please refer to Mockito FAQ on limitations of concurrency testing.&#10;2. A spy is stubbed using when(spy.foo()).then() syntax. It is safer to stub spies - &#10;   - with doReturn|Throw() family of methods. More in javadocs for Mockito.spy() method.&#10;" type="org.mockito.exceptions.misusing.WrongTypeOfReturnValue">org.mockito.exceptions.misusing.WrongTypeOfReturnValue: 
ProblemDto cannot be returned by getData()
getData() should return Map
***
If you're unsure why you're getting above error read on.
Due to the nature of the syntax above problem might occur because:
1. This exception *might* occur in wrongly written multi-threaded tests.
   Please refer to Mockito FAQ on limitations of concurrency testing.
2. A spy is stubbed using when(spy.foo()).then() syntax. It is safer to stub spies - 
   - with doReturn|Throw() family of methods. More in javadocs for Mockito.spy() method.

	at app//com.example.Project_week6.service.StudentServiceTest.testSolvingTask(StudentServiceTest.java:64)
	at java.base@23.0.2/java.lang.reflect.Method.invoke(Method.java:580)
	at java.base@23.0.2/java.util.ArrayList.forEach(ArrayList.java:1597)
	at java.base@23.0.2/java.util.ArrayList.forEach(ArrayList.java:1597)
</failure>
  </testcase>
  <testcase name="testGetStudent()" classname="com.example.Project_week6.service.StudentServiceTest" time="0.001"/>
  <testcase name="testDeleteStudent()" classname="com.example.Project_week6.service.StudentServiceTest" time="0.002"/>
  <testcase name="testDeleteStudentNotFound()" classname="com.example.Project_week6.service.StudentServiceTest" time="0.001"/>
  <testcase name="testSolvingTaskProblemNotFound()" classname="com.example.Project_week6.service.StudentServiceTest" time="0.004">
    <failure message="org.opentest4j.AssertionFailedError: Unexpected exception type thrown, expected: &lt;com.example.Project_week6.ecxeption.HttpStatusException&gt; but was: &lt;java.lang.NullPointerException&gt;" type="org.opentest4j.AssertionFailedError">org.opentest4j.AssertionFailedError: Unexpected exception type thrown, expected: &lt;com.example.Project_week6.ecxeption.HttpStatusException&gt; but was: &lt;java.lang.NullPointerException&gt;
	at app//org.junit.jupiter.api.AssertionFailureBuilder.build(AssertionFailureBuilder.java:151)
	at app//org.junit.jupiter.api.AssertThrows.assertThrows(AssertThrows.java:67)
	at app//org.junit.jupiter.api.AssertThrows.assertThrows(AssertThrows.java:35)
	at app//org.junit.jupiter.api.Assertions.assertThrows(Assertions.java:3128)
	at app//com.example.Project_week6.service.StudentServiceTest.testSolvingTaskProblemNotFound(StudentServiceTest.java:86)
	at java.base@23.0.2/java.lang.reflect.Method.invoke(Method.java:580)
	at java.base@23.0.2/java.util.ArrayList.forEach(ArrayList.java:1597)
	at java.base@23.0.2/java.util.ArrayList.forEach(ArrayList.java:1597)
Caused by: java.lang.NullPointerException: Cannot invoke &quot;java.util.Map.get(Object)&quot; because the return value of &quot;com.example.Project_week6.service.ProblemService.getData()&quot; is null
	at com.example.Project_week6.service.StudentService.solvingTask(StudentService.java:51)
	at com.example.Project_week6.service.StudentServiceTest.lambda$testSolvingTaskProblemNotFound$2(StudentServiceTest.java:87)
	at org.junit.jupiter.api.AssertThrows.assertThrows(AssertThrows.java:53)
	... 6 more
</failure>
  </testcase>
  <testcase name="testSolvingTaskStudentNotFound()" classname="com.example.Project_week6.service.StudentServiceTest" time="0.001"/>
  <testcase name="testGetStudentNotFound()" classname="com.example.Project_week6.service.StudentServiceTest" time="0.001"/>
  <system-out><![CDATA[]]></system-out>
  <system-err><![CDATA[]]></system-err>
</testsuite>
